Arguments: 
  C:\Program Files\nodejs\node.exe C:\Users\windy kurniawan\AppData\Roaming\npm\node_modules\yarn\bin\yarn.js add fizzBuzz

PATH: 
  C:\Users\windy kurniawan\bin;C:\Program Files\Git\mingw64\bin;C:\Program Files\Git\usr\local\bin;C:\Program Files\Git\usr\bin;C:\Program Files\Git\usr\bin;C:\Program Files\Git\mingw64\bin;C:\Program Files\Git\usr\bin;C:\Users\windy kurniawan\bin;C:\Program Files (x86)\Common Files\Oracle\Java\javapath;C:\Windows\system32;C:\Windows;C:\Windows\System32\Wbem;C:\Windows\System32\WindowsPowerShell\v1.0;C:\Program Files (x86)\NVIDIA Corporation\PhysX\Common;C:\WINDOWS\system32;C:\WINDOWS;C:\WINDOWS\System32\Wbem;C:\WINDOWS\System32\WindowsPowerShell\v1.0;C:\WINDOWS\System32\OpenSSH;C:\Program Files\Android\Android Studio\jre\bin;C:\Program Files\nodejs;C:\Users\windy kurniawan\AppData\Local\Android\Sdk\platform-tools;C:\Users\windy kurniawan\AppData\Local\Programs\Python\Python36-32\Scripts;C:\Users\windy kurniawan\AppData\Local\Programs\Python\Python36-32;C:\Users\windy kurniawan\AppData\Local\Microsoft\WindowsApps;C:\Users\windy kurniawan\AppData\Local\GitHubDesktop\bin;C:\Program Files\Microsoft VS Code\bin;C:\Users\windy kurniawan\AppData\Local\Microsoft\WindowsApps;C:\Program Files\Docker Toolbox;C:\Users\windy kurniawan\AppData\Local\Programs\Microsoft VS Code\bin;C:\Users\windy kurniawan\AppData\Roaming\npm;C:\Program Files\Git\usr\bin\vendor_perl;C:\Program Files\Git\usr\bin\core_perl

Yarn version: 
  1.12.3

Node version: 
  10.13.0

Platform: 
  win32 x64

Trace: 
  Error: https://registry.yarnpkg.com/fizzBuzz: Not found
      at Request.params.callback [as _callback] (C:\Users\windy kurniawan\AppData\Roaming\npm\node_modules\yarn\lib\cli.js:65894:18)
      at Request.self.callback (C:\Users\windy kurniawan\AppData\Roaming\npm\node_modules\yarn\lib\cli.js:129018:22)
      at Request.emit (events.js:182:13)
      at Request.<anonymous> (C:\Users\windy kurniawan\AppData\Roaming\npm\node_modules\yarn\lib\cli.js:129990:10)
      at Request.emit (events.js:182:13)
      at IncomingMessage.<anonymous> (C:\Users\windy kurniawan\AppData\Roaming\npm\node_modules\yarn\lib\cli.js:129912:12)
      at Object.onceWrapper (events.js:273:13)
      at IncomingMessage.emit (events.js:187:15)
      at endReadableNT (_stream_readable.js:1094:12)
      at process._tickCallback (internal/process/next_tick.js:63:19)

npm manifest: 
  {
    "dependencies": {
      "bash": "^0.0.1",
      "es6": "^0.0.7",
      "function": "^0.6.1",
      "git": "^0.1.5"
    }
  }

yarn manifest: 
  No manifest

Lockfile: 
  # THIS IS AN AUTOGENERATED FILE. DO NOT EDIT THIS FILE DIRECTLY.
  # yarn lockfile v1
  
  
  bash@^0.0.1:
    version "0.0.1"
    resolved "https://registry.yarnpkg.com/bash/-/bash-0.0.1.tgz#9ee0e7a752bc5eef168bc48719556a74548aae0c"
    integrity sha1-nuDnp1K8Xu8Wi8SHGVVqdFSKrgw=
  
  es6@^0.0.7:
    version "0.0.7"
    resolved "https://registry.yarnpkg.com/es6/-/es6-0.0.7.tgz#3b2851afeea60db16cf569d56066daa0f3974676"
    integrity sha1-OyhRr+6mDbFs9WnVYGbaoPOXRnY=
  
  function@^0.6.1:
    version "0.6.1"
    resolved "https://registry.yarnpkg.com/function/-/function-0.6.1.tgz#b4fd011f3552d2f60402703e8f698e712414bc16"
    integrity sha1-tP0BHzVS0vYEAnA+j2mOcSQUvBY=
  
  git@^0.1.5:
    version "0.1.5"
    resolved "https://registry.yarnpkg.com/git/-/git-0.1.5.tgz#9ef62df93f851c27542143bf52d1c68b1017ca15"
    integrity sha1-nvYt+T+FHCdUIUO/UtHGixAXyhU=
    dependencies:
      mime "1.2.9"
  
  mime@1.2.9:
    version "1.2.9"
    resolved "https://registry.yarnpkg.com/mime/-/mime-1.2.9.tgz#009cd40867bd35de521b3b966f04e2f8d4d13d09"
    integrity sha1-AJzUCGe9Nd5SGzuWbwTi+NTRPQk=
